02_ndk/app/build/intermediates/manifest_merge_blame_file/release/manifest-merger-blame-release-report.txt
1<?xml version="1.0" encoding="utf-8"?>
2<manifest xmlns:android="http://schemas.android.com/apk/res/android"
3    package="com.vertexacademy.masteringndk"
4    android:versionCode="1"
5    android:versionName="1.0" >
6
7    <uses-sdk
8        android:minSdkVersion="21"
9        android:targetSdkVersion="34" />
10
11    <!-- Require OpenGLES version 3.2 -->
12    <uses-feature android:glEsVersion="0x00030002" />
12-->src/main/AndroidManifest.xml:8:5-53
12-->src/main/AndroidManifest.xml:8:19-51
13
14    <permission
14-->[androidx.core:core:1.9.0] AndroidManifest.xml:22:5-24:47
15        android:name="com.vertexacademy.masteringndk.DYNAMIC_RECEIVER_NOT_EXPORTED_PERMISSION"
15-->[androidx.core:core:1.9.0] AndroidManifest.xml:23:9-81
16        android:protectionLevel="signature" />
16-->[androidx.core:core:1.9.0] AndroidManifest.xml:24:9-44
17
18    <uses-permission android:name="com.vertexacademy.masteringndk.DYNAMIC_RECEIVER_NOT_EXPORTED_PERMISSION" />
18-->[androidx.core:core:1.9.0] AndroidManifest.xml:26:5-97
18-->[androidx.core:core:1.9.0] AndroidManifest.xml:26:22-94
19
20    <application
20-->src/main/AndroidManifest.xml:9:5-27:19
21        android:allowBackup="true"
21-->src/main/AndroidManifest.xml:13:9-35
22        android:appComponentFactory="androidx.core.app.CoreComponentFactory"
22-->[androidx.core:core:1.9.0] AndroidManifest.xml:28:18-86
23        android:extractNativeLibs="true"
24        android:icon="@drawable/icon"
24-->src/main/AndroidManifest.xml:11:9-38
25        android:label="@string/app_name"
25-->src/main/AndroidManifest.xml:10:9-41
26        android:largeHeap="true" >
26-->src/main/AndroidManifest.xml:12:9-33
27        <activity
27-->src/main/AndroidManifest.xml:14:9-26:20
28            android:name="com.vertexacademy.masteringndk.App1Activity"
28-->src/main/AndroidManifest.xml:15:17-45
29            android:configChanges="orientation|keyboardHidden"
29-->src/main/AndroidManifest.xml:20:17-67
30            android:exported="true"
30-->src/main/AndroidManifest.xml:17:17-40
31            android:label="@string/app_name"
31-->src/main/AndroidManifest.xml:16:17-49
32            android:launchMode="singleTask"
32-->src/main/AndroidManifest.xml:18:17-48
33            android:screenOrientation="sensor"
33-->src/main/AndroidManifest.xml:19:17-51
34            android:theme="@android:style/Theme.NoTitleBar.Fullscreen" >
34-->src/main/AndroidManifest.xml:21:17-75
35            <intent-filter>
35-->src/main/AndroidManifest.xml:22:13-25:29
36                <action android:name="android.intent.action.MAIN" />
36-->src/main/AndroidManifest.xml:23:17-68
36-->src/main/AndroidManifest.xml:23:25-66
37
38                <category android:name="android.intent.category.LAUNCHER" />
38-->src/main/AndroidManifest.xml:24:17-76
38-->src/main/AndroidManifest.xml:24:27-74
39            </intent-filter>
40        </activity>
41
42        <provider
42-->[androidx.emoji2:emoji2:1.2.0] AndroidManifest.xml:24:9-32:20
43            android:name="androidx.startup.InitializationProvider"
43-->[androidx.emoji2:emoji2:1.2.0] AndroidManifest.xml:25:13-67
44            android:authorities="com.vertexacademy.masteringndk.androidx-startup"
44-->[androidx.emoji2:emoji2:1.2.0] AndroidManifest.xml:26:13-68
45            android:exported="false" >
45-->[androidx.emoji2:emoji2:1.2.0] AndroidManifest.xml:27:13-37
46            <meta-data
46-->[androidx.emoji2:emoji2:1.2.0] AndroidManifest.xml:29:13-31:52
47                android:name="androidx.emoji2.text.EmojiCompatInitializer"
47-->[androidx.emoji2:emoji2:1.2.0] AndroidManifest.xml:30:17-75
48                android:value="androidx.startup" />
48-->[androidx.emoji2:emoji2:1.2.0] AndroidManifest.xml:31:17-49
49            <meta-data
49-->[androidx.lifecycle:lifecycle-process:2.4.1] AndroidManifest.xml:31:13-33:52
50                android:name="androidx.lifecycle.ProcessLifecycleInitializer"
50-->[androidx.lifecycle:lifecycle-process:2.4.1] AndroidManifest.xml:32:17-78
51                android:value="androidx.startup" />
51-->[androidx.lifecycle:lifecycle-process:2.4.1] AndroidManifest.xml:33:17-49
52        </provider>
53    </application>
54
55</manifest>